<?xml version="1.0" encoding="UTF-8"?>
<!-- Generated by org.testng.reporters.JUnitReportReporter -->
<testsuite hostname="DESKTOP-50N7NP6" failures="0" tests="6" name="testCases.TC_002_LoginTest" time="48.121" errors="0" timestamp="2022-12-22T03:11:12 IST" skipped="0">
  <testcase classname="testCases.TC_002_LoginTest" name="test_Login" time="23.229"/>
  <system-out/>
  <testcase classname="testCases.TC_002_LoginTest" name="test_ContactInfo" time="4.548"/>
  <system-out/>
  <testcase classname="testCases.TC_002_LoginTest" name="test_ContactInfo" time="4.403"/>
  <system-out/>
  <testcase classname="testCases.TC_002_LoginTest" name="test_ContactInfo" time="4.621"/>
  <system-out/>
  <testcase classname="testCases.TC_002_LoginTest" name="test_ContactInfo" time="7.017"/>
  <system-out/>
  <testcase classname="testCases.TC_002_LoginTest" name="test_ResetPass" time="4.303"/>
  <system-out/>
</testsuite> <!-- testCases.TC_002_LoginTest -->
