<?xml version="1.0" encoding="UTF-8"?>
<!-- Generated by org.testng.reporters.JUnitReportReporter -->
<testsuite hostname="DESKTOP-50N7NP6" failures="0" tests="1" name="testCases.TC_001_AccountRegistrationTest" time="12.979" errors="0" timestamp="2022-12-22T13:05:01 IST" skipped="0">
  <testcase classname="testCases.TC_001_AccountRegistrationTest" name="test_account_Registration" time="12.979"/>
  <system-out/>
</testsuite> <!-- testCases.TC_001_AccountRegistrationTest -->
