<?xml version="1.0" encoding="UTF-8"?>
<!-- Generated by org.testng.reporters.JUnitReportReporter -->
<testsuite hostname="DESKTOP-50N7NP6" failures="0" tests="6" name="testCases.TC_002_ProfileTest" time="53.129" errors="0" timestamp="2022-12-22T13:05:01 IST" skipped="0">
  <testcase classname="testCases.TC_002_ProfileTest" name="test_Login" time="20.232"/>
  <system-out/>
  <testcase classname="testCases.TC_002_ProfileTest" name="test_ContactInfo" time="4.860"/>
  <system-out/>
  <testcase classname="testCases.TC_002_ProfileTest" name="test_ContactInfo" time="5.557"/>
  <system-out/>
  <testcase classname="testCases.TC_002_ProfileTest" name="test_ContactInfo" time="12.390"/>
  <system-out/>
  <testcase classname="testCases.TC_002_ProfileTest" name="test_ContactInfo" time="4.813"/>
  <system-out/>
  <testcase classname="testCases.TC_002_ProfileTest" name="test_ResetPass" time="5.277"/>
  <system-out/>
</testsuite> <!-- testCases.TC_002_ProfileTest -->
